spec/rubocop/cli/options_spec.rb:100.0
spec/rubocop/server/rubocop_server_spec.rb:100.0
spec/project_spec.rb:10.0
spec/rubocop/cli/auto_gen_config_spec.rb:10.0
spec/rubocop/cli/autocorrect_spec.rb:10.0
spec/rubocop/cli/disable_uncorrectable_spec.rb:10.0
spec/rubocop/cli/suggest_extensions_spec.rb:10.0
spec/rubocop/cli_spec.rb:10.0
spec/rubocop/config_loader_spec.rb:10.0
spec/rubocop/cop/style/safe_navigation_spec.rb:10.0
spec/rubocop/lsp/server_spec.rb:10.0
spec/rubocop/server/cli_spec.rb:10.0
spec/rubocop/target_finder_spec.rb:10.0
spec/isolated_environment_spec.rb:1.0
spec/rubocop/comment_config_spec.rb:1.0
spec/rubocop/config_obsoletion_spec.rb:1.0
spec/rubocop/config_spec.rb:1.0
spec/rubocop/cop/cop_spec.rb:1.0
spec/rubocop/cop/generator_spec.rb:1.0
spec/rubocop/cop/internal_affairs/node_matcher_directive_spec.rb:1.0
spec/rubocop/cop/internal_affairs/undefined_config_spec.rb:1.0
spec/rubocop/cop/layout/block_alignment_spec.rb:1.0
spec/rubocop/cop/layout/empty_line_after_guard_clause_spec.rb:1.0
spec/rubocop/cop/layout/empty_line_between_defs_spec.rb:1.0
spec/rubocop/cop/layout/empty_lines_around_access_modifier_spec.rb:1.0
spec/rubocop/cop/layout/end_alignment_spec.rb:1.0
spec/rubocop/cop/layout/extra_spacing_spec.rb:1.0
spec/rubocop/cop/layout/first_argument_indentation_spec.rb:1.0
spec/rubocop/cop/layout/hash_alignment_spec.rb:1.0
spec/rubocop/cop/layout/heredoc_argument_closing_parenthesis_spec.rb:1.0
spec/rubocop/cop/layout/heredoc_indentation_spec.rb:1.0
spec/rubocop/cop/layout/indentation_consistency_spec.rb:1.0
spec/rubocop/cop/layout/indentation_width_spec.rb:1.0
spec/rubocop/cop/layout/line_length_spec.rb:1.0
spec/rubocop/cop/layout/multiline_array_brace_layout_spec.rb:1.0
spec/rubocop/cop/layout/multiline_method_call_brace_layout_spec.rb:1.0
spec/rubocop/cop/layout/multiline_method_call_indentation_spec.rb:1.0
spec/rubocop/cop/layout/space_around_keyword_spec.rb:1.0
spec/rubocop/cop/layout/space_around_operators_spec.rb:1.0
spec/rubocop/cop/layout/space_inside_array_literal_brackets_spec.rb:1.0
spec/rubocop/cop/layout/space_inside_array_percent_literal_spec.rb:1.0
spec/rubocop/cop/layout/space_inside_percent_literal_delimiters_spec.rb:1.0
spec/rubocop/cop/lint/ambiguous_range_spec.rb:1.0
spec/rubocop/cop/lint/debugger_spec.rb:1.0
spec/rubocop/cop/lint/duplicate_branch_spec.rb:1.0
spec/rubocop/cop/lint/duplicate_methods_spec.rb:1.0
spec/rubocop/cop/lint/format_parameter_mismatch_spec.rb:1.0
spec/rubocop/cop/lint/literal_as_condition_spec.rb:1.0
spec/rubocop/cop/lint/literal_in_interpolation_spec.rb:1.0
spec/rubocop/cop/lint/non_atomic_file_operation_spec.rb:1.0
spec/rubocop/cop/lint/redundant_cop_disable_directive_spec.rb:1.0
spec/rubocop/cop/lint/safe_navigation_chain_spec.rb:1.0
spec/rubocop/cop/lint/self_assignment_spec.rb:1.0
spec/rubocop/cop/lint/unmodified_reduce_accumulator_spec.rb:1.0
spec/rubocop/cop/lint/unreachable_code_spec.rb:1.0
spec/rubocop/cop/lint/useless_access_modifier_spec.rb:1.0
spec/rubocop/cop/lint/useless_assignment_spec.rb:1.0
spec/rubocop/cop/lint/void_spec.rb:1.0
spec/rubocop/cop/metrics/abc_size_spec.rb:1.0
spec/rubocop/cop/naming/file_name_spec.rb:1.0
spec/rubocop/cop/naming/inclusive_language_spec.rb:1.0
spec/rubocop/cop/naming/memoized_instance_variable_name_spec.rb:1.0
spec/rubocop/cop/naming/variable_number_spec.rb:1.0
spec/rubocop/cop/style/access_modifier_declarations_spec.rb:1.0
spec/rubocop/cop/style/arguments_forwarding_spec.rb:1.0
spec/rubocop/cop/style/bare_percent_literals_spec.rb:1.0
spec/rubocop/cop/style/block_delimiters_spec.rb:1.0
spec/rubocop/cop/style/case_like_if_spec.rb:1.0
spec/rubocop/cop/style/collection_methods_spec.rb:1.0
spec/rubocop/cop/style/conditional_assignment_assign_in_condition_spec.rb:1.0
spec/rubocop/cop/style/conditional_assignment_assign_to_condition_spec.rb:1.0
spec/rubocop/cop/style/double_negation_spec.rb:1.0
spec/rubocop/cop/style/empty_literal_spec.rb:1.0
spec/rubocop/cop/style/format_string_token_spec.rb:1.0
spec/rubocop/cop/style/frozen_string_literal_comment_spec.rb:1.0
spec/rubocop/cop/style/global_vars_spec.rb:1.0
spec/rubocop/cop/style/guard_clause_spec.rb:1.0
spec/rubocop/cop/style/hash_each_methods_spec.rb:1.0
spec/rubocop/cop/style/hash_slice_spec.rb:1.0
spec/rubocop/cop/style/hash_syntax_spec.rb:1.0
spec/rubocop/cop/style/hash_transform_values_spec.rb:1.0
spec/rubocop/cop/style/if_unless_modifier_spec.rb:1.0
spec/rubocop/cop/style/if_with_boolean_literal_branches_spec.rb:1.0
spec/rubocop/cop/style/map_into_array_spec.rb:1.0
spec/rubocop/cop/style/map_to_hash_spec.rb:1.0
spec/rubocop/cop/style/method_call_with_args_parentheses_spec.rb:1.0
spec/rubocop/cop/style/mutable_constant_spec.rb:1.0
spec/rubocop/cop/style/next_spec.rb:1.0
spec/rubocop/cop/style/operator_method_call_spec.rb:1.0
spec/rubocop/cop/style/percent_literal_delimiters_spec.rb:1.0
spec/rubocop/cop/style/quoted_symbols_spec.rb:1.0
spec/rubocop/cop/style/redundant_begin_spec.rb:1.0
spec/rubocop/cop/style/redundant_condition_spec.rb:1.0
spec/rubocop/cop/style/redundant_freeze_spec.rb:1.0
spec/rubocop/cop/style/redundant_line_continuation_spec.rb:1.0
spec/rubocop/cop/style/redundant_parentheses_spec.rb:1.0
spec/rubocop/cop/style/redundant_regexp_argument_spec.rb:1.0
spec/rubocop/cop/style/redundant_regexp_character_class_spec.rb:1.0
spec/rubocop/cop/style/redundant_regexp_escape_spec.rb:1.0
spec/rubocop/cop/style/redundant_return_spec.rb:1.0
spec/rubocop/cop/style/redundant_self_spec.rb:1.0
spec/rubocop/cop/style/redundant_sort_spec.rb:1.0
spec/rubocop/cop/style/redundant_string_escape_spec.rb:1.0
spec/rubocop/cop/style/sample_spec.rb:1.0
spec/rubocop/cop/style/select_by_regexp_spec.rb:1.0
spec/rubocop/cop/style/self_assignment_spec.rb:1.0
spec/rubocop/cop/style/sole_nested_conditional_spec.rb:1.0
spec/rubocop/cop/style/string_literals_spec.rb:1.0
spec/rubocop/cop/style/super_arguments_spec.rb:1.0
spec/rubocop/cop/style/symbol_proc_spec.rb:1.0
spec/rubocop/cop/style/ternary_parentheses_spec.rb:1.0
spec/rubocop/cop/style/while_until_modifier_spec.rb:1.0
spec/rubocop/cop/style/word_array_spec.rb:1.0
spec/rubocop/cop/style/yoda_condition_spec.rb:1.0
spec/rubocop/cop/style/zero_length_predicate_spec.rb:1.0
spec/rubocop/cop/team_spec.rb:1.0
spec/rubocop/cops_documentation_generator_spec.rb:1.0
spec/rubocop/formatter/html_formatter_spec.rb:1.0
spec/rubocop/formatter/markdown_formatter_spec.rb:1.0
spec/rubocop/lockfile_spec.rb:1.0
spec/rubocop/options_spec.rb:1.0
spec/rubocop/path_util_spec.rb:1.0
spec/rubocop/rake_task_spec.rb:1.0
spec/rubocop/result_cache_spec.rb:1.0
spec/rubocop/runner_formatter_invocation_spec.rb:1.0
spec/rubocop/runner_spec.rb:1.0
spec/rubocop/server/cache_spec.rb:1.0
spec/rubocop/target_ruby_spec.rb:1.0
spec/rubocop/version_spec.rb:1.0
spec/ruby_lsp/rubocop/addon_spec.rb:1.0
spec/rubocop/config_regeneration_spec.rb:0.1
spec/rubocop/cop/annotation_comment_spec.rb:0.1
spec/rubocop/cop/bundler/duplicated_gem_spec.rb:0.1
spec/rubocop/cop/bundler/duplicated_group_spec.rb:0.1
spec/rubocop/cop/bundler/gem_comment_spec.rb:0.1
spec/rubocop/cop/bundler/gem_filename_spec.rb:0.1
spec/rubocop/cop/bundler/gem_version_spec.rb:0.1
spec/rubocop/cop/bundler/insecure_protocol_source_spec.rb:0.1
spec/rubocop/cop/bundler/ordered_gems_spec.rb:0.1
spec/rubocop/cop/commissioner_spec.rb:0.1
spec/rubocop/cop/corrector_spec.rb:0.1
spec/rubocop/cop/gemspec/add_runtime_dependency_spec.rb:0.1
spec/rubocop/cop/gemspec/dependency_version_spec.rb:0.1
spec/rubocop/cop/gemspec/deprecated_attribute_assignment_spec.rb:0.1
spec/rubocop/cop/gemspec/development_dependencies_spec.rb:0.1
spec/rubocop/cop/gemspec/duplicated_assignment_spec.rb:0.1
spec/rubocop/cop/gemspec/ordered_dependencies_spec.rb:0.1
spec/rubocop/cop/gemspec/require_mfa_spec.rb:0.1
spec/rubocop/cop/gemspec/required_ruby_version_spec.rb:0.1
spec/rubocop/cop/generator/require_file_injector_spec.rb:0.1
spec/rubocop/cop/internal_affairs/cop_description_spec.rb:0.1
spec/rubocop/cop/internal_affairs/cop_enabled_spec.rb:0.1
spec/rubocop/cop/internal_affairs/create_empty_file_spec.rb:0.1
spec/rubocop/cop/internal_affairs/empty_line_between_expect_offense_and_correction_spec.rb:0.1
spec/rubocop/cop/internal_affairs/example_description_spec.rb:0.1
spec/rubocop/cop/internal_affairs/example_heredoc_delimiter_spec.rb:0.1
spec/rubocop/cop/internal_affairs/location_expression_spec.rb:0.1
spec/rubocop/cop/internal_affairs/location_line_equality_comparison_spec.rb:0.1
spec/rubocop/cop/internal_affairs/method_name_end_with_spec.rb:0.1
spec/rubocop/cop/internal_affairs/node_first_or_last_argument_spec.rb:0.1
spec/rubocop/cop/internal_affairs/node_type_predicate_spec.rb:0.1
spec/rubocop/cop/internal_affairs/on_send_without_on_csend_spec.rb:0.1
spec/rubocop/cop/internal_affairs/operator_keyword_spec.rb:0.1
spec/rubocop/cop/internal_affairs/redundant_described_class_as_subject_spec.rb:0.1
spec/rubocop/cop/internal_affairs/redundant_expect_offense_arguments_spec.rb:0.1
spec/rubocop/cop/internal_affairs/redundant_let_rubocop_config_new_spec.rb:0.1
spec/rubocop/cop/internal_affairs/redundant_message_argument_spec.rb:0.1
spec/rubocop/cop/internal_affairs/redundant_method_dispatch_node_spec.rb:0.1
spec/rubocop/cop/internal_affairs/redundant_source_range_spec.rb:0.1
spec/rubocop/cop/internal_affairs/single_line_comparison_spec.rb:0.1
spec/rubocop/cop/internal_affairs/style_detected_api_use_spec.rb:0.1
spec/rubocop/cop/internal_affairs/useless_message_assertion_spec.rb:0.1
spec/rubocop/cop/internal_affairs/useless_restrict_on_send_spec.rb:0.1
spec/rubocop/cop/layout/access_modifier_indentation_spec.rb:0.1
spec/rubocop/cop/layout/argument_alignment_spec.rb:0.1
spec/rubocop/cop/layout/array_alignment_spec.rb:0.1
spec/rubocop/cop/layout/begin_end_alignment_spec.rb:0.1
spec/rubocop/cop/layout/block_end_newline_spec.rb:0.1
spec/rubocop/cop/layout/case_indentation_spec.rb:0.1
spec/rubocop/cop/layout/class_structure_spec.rb:0.1
spec/rubocop/cop/layout/closing_parenthesis_indentation_spec.rb:0.1
spec/rubocop/cop/layout/comment_indentation_spec.rb:0.1
spec/rubocop/cop/layout/condition_position_spec.rb:0.1
spec/rubocop/cop/layout/def_end_alignment_spec.rb:0.1
spec/rubocop/cop/layout/dot_position_spec.rb:0.1
spec/rubocop/cop/layout/else_alignment_spec.rb:0.1
spec/rubocop/cop/layout/empty_comment_spec.rb:0.1
spec/rubocop/cop/layout/empty_line_after_magic_comment_spec.rb:0.1
spec/rubocop/cop/layout/empty_line_after_multiline_condition_spec.rb:0.1
spec/rubocop/cop/layout/empty_lines_around_arguments_spec.rb:0.1
spec/rubocop/cop/layout/empty_lines_around_attribute_accessor_spec.rb:0.1
spec/rubocop/cop/layout/empty_lines_around_begin_body_spec.rb:0.1
spec/rubocop/cop/layout/empty_lines_around_block_body_spec.rb:0.1
spec/rubocop/cop/layout/empty_lines_around_class_body_spec.rb:0.1
spec/rubocop/cop/layout/empty_lines_around_exception_handling_keywords_spec.rb:0.1
spec/rubocop/cop/layout/empty_lines_around_method_body_spec.rb:0.1
spec/rubocop/cop/layout/empty_lines_around_module_body_spec.rb:0.1
spec/rubocop/cop/layout/empty_lines_spec.rb:0.1
spec/rubocop/cop/layout/end_of_line_spec.rb:0.1
spec/rubocop/cop/layout/first_array_element_indentation_spec.rb:0.1
spec/rubocop/cop/layout/first_array_element_line_break_spec.rb:0.1
spec/rubocop/cop/layout/first_hash_element_indentation_spec.rb:0.1
spec/rubocop/cop/layout/first_hash_element_line_break_spec.rb:0.1
spec/rubocop/cop/layout/first_method_argument_line_break_spec.rb:0.1
spec/rubocop/cop/layout/first_method_parameter_line_break_spec.rb:0.1
spec/rubocop/cop/layout/first_parameter_indentation_spec.rb:0.1
spec/rubocop/cop/layout/initial_indentation_spec.rb:0.1
spec/rubocop/cop/layout/leading_comment_space_spec.rb:0.1
spec/rubocop/cop/layout/leading_empty_lines_spec.rb:0.1
spec/rubocop/cop/layout/line_continuation_leading_space_spec.rb:0.1
spec/rubocop/cop/layout/line_continuation_spacing_spec.rb:0.1
spec/rubocop/cop/layout/line_end_string_concatenation_indentation_spec.rb:0.1
spec/rubocop/cop/layout/multiline_array_line_breaks_spec.rb:0.1
spec/rubocop/cop/layout/multiline_assignment_layout_spec.rb:0.1
spec/rubocop/cop/layout/multiline_block_layout_spec.rb:0.1
spec/rubocop/cop/layout/multiline_hash_brace_layout_spec.rb:0.1
spec/rubocop/cop/layout/multiline_hash_key_line_breaks_spec.rb:0.1
spec/rubocop/cop/layout/multiline_method_argument_line_breaks_spec.rb:0.1
spec/rubocop/cop/layout/multiline_method_definition_brace_layout_spec.rb:0.1
spec/rubocop/cop/layout/multiline_method_parameter_line_breaks_spec.rb:0.1
spec/rubocop/cop/layout/multiline_operation_indentation_spec.rb:0.1
spec/rubocop/cop/layout/redundant_line_break_spec.rb:0.1
spec/rubocop/cop/layout/rescue_ensure_alignment_spec.rb:0.1
spec/rubocop/cop/layout/single_line_block_chain_spec.rb:0.1
spec/rubocop/cop/layout/space_after_colon_spec.rb:0.1
spec/rubocop/cop/layout/space_after_method_name_spec.rb:0.1
spec/rubocop/cop/layout/space_after_not_spec.rb:0.1
spec/rubocop/cop/layout/space_around_block_parameters_spec.rb:0.1
spec/rubocop/cop/layout/space_around_equals_in_parameter_default_spec.rb:0.1
spec/rubocop/cop/layout/space_around_method_call_operator_spec.rb:0.1
spec/rubocop/cop/layout/space_before_block_braces_spec.rb:0.1
spec/rubocop/cop/layout/space_before_brackets_spec.rb:0.1
spec/rubocop/cop/layout/space_before_comma_spec.rb:0.1
spec/rubocop/cop/layout/space_before_comment_spec.rb:0.1
spec/rubocop/cop/layout/space_before_first_arg_spec.rb:0.1
spec/rubocop/cop/layout/space_in_lambda_literal_spec.rb:0.1
spec/rubocop/cop/layout/space_inside_block_braces_spec.rb:0.1
spec/rubocop/cop/layout/space_inside_hash_literal_braces_spec.rb:0.1
spec/rubocop/cop/layout/space_inside_parens_spec.rb:0.1
spec/rubocop/cop/layout/space_inside_reference_brackets_spec.rb:0.1
spec/rubocop/cop/layout/space_inside_string_interpolation_spec.rb:0.1
spec/rubocop/cop/layout/trailing_empty_lines_spec.rb:0.1
spec/rubocop/cop/layout/trailing_whitespace_spec.rb:0.1
spec/rubocop/cop/lint/ambiguous_assignment_spec.rb:0.1
spec/rubocop/cop/lint/ambiguous_block_association_spec.rb:0.1
spec/rubocop/cop/lint/ambiguous_operator_precedence_spec.rb:0.1
spec/rubocop/cop/lint/ambiguous_operator_spec.rb:0.1
spec/rubocop/cop/lint/ambiguous_regexp_literal_spec.rb:0.1
spec/rubocop/cop/lint/array_literal_in_regexp_spec.rb:0.1
spec/rubocop/cop/lint/assignment_in_condition_spec.rb:0.1
spec/rubocop/cop/lint/binary_operator_with_identical_operands_spec.rb:0.1
spec/rubocop/cop/lint/boolean_symbol_spec.rb:0.1
spec/rubocop/cop/lint/circular_argument_reference_spec.rb:0.1
spec/rubocop/cop/lint/constant_definition_in_block_spec.rb:0.1
spec/rubocop/cop/lint/constant_reassignment_spec.rb:0.1
spec/rubocop/cop/lint/constant_resolution_spec.rb:0.1
spec/rubocop/cop/lint/deprecated_class_methods_spec.rb:0.1
spec/rubocop/cop/lint/deprecated_constants_spec.rb:0.1
spec/rubocop/cop/lint/deprecated_open_ssl_constant_spec.rb:0.1
spec/rubocop/cop/lint/disjunctive_assignment_in_constructor_spec.rb:0.1
spec/rubocop/cop/lint/duplicate_case_condition_spec.rb:0.1
spec/rubocop/cop/lint/duplicate_elsif_condition_spec.rb:0.1
spec/rubocop/cop/lint/duplicate_hash_key_spec.rb:0.1
spec/rubocop/cop/lint/duplicate_match_pattern_spec.rb:0.1
spec/rubocop/cop/lint/duplicate_regexp_character_class_element_spec.rb:0.1
spec/rubocop/cop/lint/duplicate_require_spec.rb:0.1
spec/rubocop/cop/lint/duplicate_rescue_exception_spec.rb:0.1
spec/rubocop/cop/lint/duplicate_set_element_spec.rb:0.1
spec/rubocop/cop/lint/each_with_object_argument_spec.rb:0.1
spec/rubocop/cop/lint/else_layout_spec.rb:0.1
spec/rubocop/cop/lint/empty_block_spec.rb:0.1
spec/rubocop/cop/lint/empty_class_spec.rb:0.1
spec/rubocop/cop/lint/empty_conditional_body_spec.rb:0.1
spec/rubocop/cop/lint/empty_expression_spec.rb:0.1
spec/rubocop/cop/lint/empty_in_pattern_spec.rb:0.1
spec/rubocop/cop/lint/empty_when_spec.rb:0.1
spec/rubocop/cop/lint/ensure_return_spec.rb:0.1
spec/rubocop/cop/lint/erb_new_arguments_spec.rb:0.1
spec/rubocop/cop/lint/flip_flop_spec.rb:0.1
spec/rubocop/cop/lint/float_comparison_spec.rb:0.1
spec/rubocop/cop/lint/hash_compare_by_identity_spec.rb:0.1
spec/rubocop/cop/lint/hash_new_with_keyword_arguments_as_default_spec.rb:0.1
spec/rubocop/cop/lint/heredoc_method_call_position_spec.rb:0.1
spec/rubocop/cop/lint/identity_comparison_spec.rb:0.1
spec/rubocop/cop/lint/implicit_string_concatenation_spec.rb:0.1
spec/rubocop/cop/lint/incompatible_io_select_with_fiber_scheduler_spec.rb:0.1
spec/rubocop/cop/lint/ineffective_access_modifier_spec.rb:0.1
spec/rubocop/cop/lint/inherit_exception_spec.rb:0.1
spec/rubocop/cop/lint/interpolation_check_spec.rb:0.1
spec/rubocop/cop/lint/it_without_arguments_in_block_spec.rb:0.1
spec/rubocop/cop/lint/literal_assignment_in_condition_spec.rb:0.1
spec/rubocop/cop/lint/missing_cop_enable_directive_spec.rb:0.1
spec/rubocop/cop/lint/missing_super_spec.rb:0.1
spec/rubocop/cop/lint/mixed_case_range_spec.rb:0.1
spec/rubocop/cop/lint/mixed_regexp_capture_types_spec.rb:0.1
spec/rubocop/cop/lint/multiple_comparison_spec.rb:0.1
spec/rubocop/cop/lint/nested_method_definition_spec.rb:0.1
spec/rubocop/cop/lint/nested_percent_literal_spec.rb:0.1
spec/rubocop/cop/lint/next_without_accumulator_spec.rb:0.1
spec/rubocop/cop/lint/no_return_in_begin_end_blocks_spec.rb:0.1
spec/rubocop/cop/lint/non_deterministic_require_order_spec.rb:0.1
spec/rubocop/cop/lint/non_local_exit_from_iterator_spec.rb:0.1
spec/rubocop/cop/lint/number_conversion_spec.rb:0.1
spec/rubocop/cop/lint/numbered_parameter_assignment_spec.rb:0.1
spec/rubocop/cop/lint/numeric_operation_with_constant_result_spec.rb:0.1
spec/rubocop/cop/lint/or_assignment_to_constant_spec.rb:0.1
spec/rubocop/cop/lint/ordered_magic_comments_spec.rb:0.1
spec/rubocop/cop/lint/out_of_range_regexp_ref_spec.rb:0.1
spec/rubocop/cop/lint/parentheses_as_grouped_expression_spec.rb:0.1
spec/rubocop/cop/lint/percent_string_array_spec.rb:0.1
spec/rubocop/cop/lint/percent_symbol_array_spec.rb:0.1
spec/rubocop/cop/lint/raise_exception_spec.rb:0.1
spec/rubocop/cop/lint/rand_one_spec.rb:0.1
spec/rubocop/cop/lint/redundant_cop_enable_directive_spec.rb:0.1
spec/rubocop/cop/lint/redundant_dir_glob_sort_spec.rb:0.1
spec/rubocop/cop/lint/redundant_regexp_quantifiers_spec.rb:0.1
spec/rubocop/cop/lint/redundant_require_statement_spec.rb:0.1
spec/rubocop/cop/lint/redundant_safe_navigation_spec.rb:0.1
spec/rubocop/cop/lint/redundant_splat_expansion_spec.rb:0.1
spec/rubocop/cop/lint/redundant_string_coercion_spec.rb:0.1
spec/rubocop/cop/lint/redundant_with_index_spec.rb:0.1
spec/rubocop/cop/lint/redundant_with_object_spec.rb:0.1
spec/rubocop/cop/lint/refinement_import_methods_spec.rb:0.1
spec/rubocop/cop/lint/require_parentheses_spec.rb:0.1
spec/rubocop/cop/lint/require_range_parentheses_spec.rb:0.1
spec/rubocop/cop/lint/require_relative_self_path_spec.rb:0.1
spec/rubocop/cop/lint/rescue_exception_spec.rb:0.1
spec/rubocop/cop/lint/rescue_type_spec.rb:0.1
spec/rubocop/cop/lint/return_in_void_context_spec.rb:0.1
spec/rubocop/cop/lint/safe_navigation_consistency_spec.rb:0.1
spec/rubocop/cop/lint/script_permission_spec.rb:0.1
spec/rubocop/cop/lint/send_with_mixin_argument_spec.rb:0.1
spec/rubocop/cop/lint/shadowed_argument_spec.rb:0.1
spec/rubocop/cop/lint/shadowed_exception_spec.rb:0.1
spec/rubocop/cop/lint/shadowing_outer_local_variable_spec.rb:0.1
spec/rubocop/cop/lint/shared_mutable_default_spec.rb:0.1
spec/rubocop/cop/lint/struct_new_override_spec.rb:0.1
spec/rubocop/cop/lint/suppressed_exception_spec.rb:0.1
spec/rubocop/cop/lint/symbol_conversion_spec.rb:0.1
spec/rubocop/cop/lint/syntax_spec.rb:0.1
spec/rubocop/cop/lint/to_enum_arguments_spec.rb:0.1
spec/rubocop/cop/lint/top_level_return_with_argument_spec.rb:0.1
spec/rubocop/cop/lint/triple_quotes_spec.rb:0.1
spec/rubocop/cop/lint/underscore_prefixed_variable_name_spec.rb:0.1
spec/rubocop/cop/lint/unescaped_bracket_in_regexp_spec.rb:0.1
spec/rubocop/cop/lint/unexpected_block_arity_spec.rb:0.1
spec/rubocop/cop/lint/unified_integer_spec.rb:0.1
spec/rubocop/cop/lint/unreachable_loop_spec.rb:0.1
spec/rubocop/cop/lint/unused_block_argument_spec.rb:0.1
spec/rubocop/cop/lint/unused_method_argument_spec.rb:0.1
spec/rubocop/cop/lint/uri_escape_unescape_spec.rb:0.1
spec/rubocop/cop/lint/uri_regexp_spec.rb:0.1
spec/rubocop/cop/lint/useless_defined_spec.rb:0.1
spec/rubocop/cop/lint/useless_else_without_rescue_spec.rb:0.1
spec/rubocop/cop/lint/useless_method_definition_spec.rb:0.1
spec/rubocop/cop/lint/useless_numeric_operation_spec.rb:0.1
spec/rubocop/cop/lint/useless_rescue_spec.rb:0.1
spec/rubocop/cop/lint/useless_ruby2_keywords_spec.rb:0.1
spec/rubocop/cop/lint/useless_setter_call_spec.rb:0.1
spec/rubocop/cop/lint/useless_times_spec.rb:0.1
spec/rubocop/cop/metrics/block_length_spec.rb:0.1
spec/rubocop/cop/metrics/block_nesting_spec.rb:0.1
spec/rubocop/cop/metrics/class_length_spec.rb:0.1
spec/rubocop/cop/metrics/collection_literal_length_spec.rb:0.1
spec/rubocop/cop/metrics/cyclomatic_complexity_spec.rb:0.1
spec/rubocop/cop/metrics/method_length_spec.rb:0.1
spec/rubocop/cop/metrics/module_length_spec.rb:0.1
spec/rubocop/cop/metrics/parameter_lists_spec.rb:0.1
spec/rubocop/cop/metrics/perceived_complexity_spec.rb:0.1
spec/rubocop/cop/metrics/utils/abc_size_calculator_spec.rb:0.1
spec/rubocop/cop/metrics/utils/code_length_calculator_spec.rb:0.1
spec/rubocop/cop/migration/department_name_spec.rb:0.1
spec/rubocop/cop/mixin/enforce_superclass_spec.rb:0.1
spec/rubocop/cop/naming/accessor_method_name_spec.rb:0.1
spec/rubocop/cop/naming/binary_operator_parameter_name_spec.rb:0.1
spec/rubocop/cop/naming/block_forwarding_spec.rb:0.1
spec/rubocop/cop/naming/constant_name_spec.rb:0.1
spec/rubocop/cop/naming/heredoc_delimiter_case_spec.rb:0.1
spec/rubocop/cop/naming/heredoc_delimiter_naming_spec.rb:0.1
spec/rubocop/cop/naming/method_name_spec.rb:0.1
spec/rubocop/cop/naming/method_parameter_name_spec.rb:0.1
spec/rubocop/cop/naming/predicate_name_spec.rb:0.1
spec/rubocop/cop/naming/rescued_exceptions_variable_name_spec.rb:0.1
spec/rubocop/cop/naming/variable_name_spec.rb:0.1
spec/rubocop/cop/range_help_spec.rb:0.1
spec/rubocop/cop/registry_spec.rb:0.1
spec/rubocop/cop/security/compound_hash_spec.rb:0.1
spec/rubocop/cop/security/eval_spec.rb:0.1
spec/rubocop/cop/security/io_methods_spec.rb:0.1
spec/rubocop/cop/security/open_spec.rb:0.1
spec/rubocop/cop/security/yaml_load_spec.rb:0.1
spec/rubocop/cop/style/accessor_grouping_spec.rb:0.1
spec/rubocop/cop/style/alias_spec.rb:0.1
spec/rubocop/cop/style/ambiguous_endless_method_definition_spec.rb:0.1
spec/rubocop/cop/style/and_or_spec.rb:0.1
spec/rubocop/cop/style/array_coercion_spec.rb:0.1
spec/rubocop/cop/style/array_first_last_spec.rb:0.1
spec/rubocop/cop/style/array_intersect_spec.rb:0.1
spec/rubocop/cop/style/attr_spec.rb:0.1
spec/rubocop/cop/style/auto_resource_cleanup_spec.rb:0.1
spec/rubocop/cop/style/bisected_attr_accessor_spec.rb:0.1
spec/rubocop/cop/style/bitwise_predicate_spec.rb:0.1
spec/rubocop/cop/style/case_equality_spec.rb:0.1
spec/rubocop/cop/style/class_and_module_children_spec.rb:0.1
spec/rubocop/cop/style/class_equality_comparison_spec.rb:0.1
spec/rubocop/cop/style/class_methods_definitions_spec.rb:0.1
spec/rubocop/cop/style/collection_compact_spec.rb:0.1
spec/rubocop/cop/style/colon_method_call_spec.rb:0.1
spec/rubocop/cop/style/combinable_defined_spec.rb:0.1
spec/rubocop/cop/style/combinable_loops_spec.rb:0.1
spec/rubocop/cop/style/command_literal_spec.rb:0.1
spec/rubocop/cop/style/comment_annotation_spec.rb:0.1
spec/rubocop/cop/style/commented_keyword_spec.rb:0.1
spec/rubocop/cop/style/comparable_clamp_spec.rb:0.1
spec/rubocop/cop/style/concat_array_literals_spec.rb:0.1
spec/rubocop/cop/style/constant_visibility_spec.rb:0.1
spec/rubocop/cop/style/copyright_spec.rb:0.1
spec/rubocop/cop/style/data_inheritance_spec.rb:0.1
spec/rubocop/cop/style/date_time_spec.rb:0.1
spec/rubocop/cop/style/def_with_parentheses_spec.rb:0.1
spec/rubocop/cop/style/dig_chain_spec.rb:0.1
spec/rubocop/cop/style/dir_empty_spec.rb:0.1
spec/rubocop/cop/style/disable_cops_within_source_code_directive_spec.rb:0.1
spec/rubocop/cop/style/document_dynamic_eval_definition_spec.rb:0.1
spec/rubocop/cop/style/documentation_method_spec.rb:0.1
spec/rubocop/cop/style/documentation_spec.rb:0.1
spec/rubocop/cop/style/each_for_simple_loop_spec.rb:0.1
spec/rubocop/cop/style/each_with_object_spec.rb:0.1
spec/rubocop/cop/style/empty_block_parameter_spec.rb:0.1
spec/rubocop/cop/style/empty_case_condition_spec.rb:0.1
spec/rubocop/cop/style/empty_else_spec.rb:0.1
spec/rubocop/cop/style/empty_method_spec.rb:0.1
spec/rubocop/cop/style/encoding_spec.rb:0.1
spec/rubocop/cop/style/endless_method_spec.rb:0.1
spec/rubocop/cop/style/eval_with_location_spec.rb:0.1
spec/rubocop/cop/style/even_odd_spec.rb:0.1
spec/rubocop/cop/style/exact_regexp_match_spec.rb:0.1
spec/rubocop/cop/style/expand_path_arguments_spec.rb:0.1
spec/rubocop/cop/style/explicit_block_argument_spec.rb:0.1
spec/rubocop/cop/style/exponential_notation_spec.rb:0.1
spec/rubocop/cop/style/fetch_env_var_spec.rb:0.1
spec/rubocop/cop/style/file_empty_spec.rb:0.1
spec/rubocop/cop/style/file_null_spec.rb:0.1
spec/rubocop/cop/style/file_read_spec.rb:0.1
spec/rubocop/cop/style/file_write_spec.rb:0.1
spec/rubocop/cop/style/float_division_spec.rb:0.1
spec/rubocop/cop/style/for_spec.rb:0.1
spec/rubocop/cop/style/format_string_spec.rb:0.1
spec/rubocop/cop/style/global_std_stream_spec.rb:0.1
spec/rubocop/cop/style/hash_as_last_array_item_spec.rb:0.1
spec/rubocop/cop/style/hash_conversion_spec.rb:0.1
spec/rubocop/cop/style/hash_except_spec.rb:0.1
spec/rubocop/cop/style/hash_like_case_spec.rb:0.1
spec/rubocop/cop/style/hash_transform_keys_spec.rb:0.1
spec/rubocop/cop/style/identical_conditional_branches_spec.rb:0.1
spec/rubocop/cop/style/if_inside_else_spec.rb:0.1
spec/rubocop/cop/style/if_unless_modifier_of_if_unless_spec.rb:0.1
spec/rubocop/cop/style/if_with_semicolon_spec.rb:0.1
spec/rubocop/cop/style/implicit_runtime_error_spec.rb:0.1
spec/rubocop/cop/style/in_pattern_then_spec.rb:0.1
spec/rubocop/cop/style/infinite_loop_spec.rb:0.1
spec/rubocop/cop/style/inverse_methods_spec.rb:0.1
spec/rubocop/cop/style/invertible_unless_condition_spec.rb:0.1
spec/rubocop/cop/style/ip_addresses_spec.rb:0.1
spec/rubocop/cop/style/it_assignment_spec.rb:0.1
spec/rubocop/cop/style/keyword_parameters_order_spec.rb:0.1
spec/rubocop/cop/style/lambda_call_spec.rb:0.1
spec/rubocop/cop/style/lambda_spec.rb:0.1
spec/rubocop/cop/style/line_end_concatenation_spec.rb:0.1
spec/rubocop/cop/style/magic_comment_format_spec.rb:0.1
spec/rubocop/cop/style/map_compact_with_conditional_block_spec.rb:0.1
spec/rubocop/cop/style/map_to_set_spec.rb:0.1
spec/rubocop/cop/style/method_call_without_args_parentheses_spec.rb:0.1
spec/rubocop/cop/style/method_called_on_do_end_block_spec.rb:0.1
spec/rubocop/cop/style/method_def_parentheses_spec.rb:0.1
spec/rubocop/cop/style/min_max_comparison_spec.rb:0.1
spec/rubocop/cop/style/min_max_spec.rb:0.1
spec/rubocop/cop/style/missing_else_spec.rb:0.1
spec/rubocop/cop/style/mixin_grouping_spec.rb:0.1
spec/rubocop/cop/style/mixin_usage_spec.rb:0.1
spec/rubocop/cop/style/module_function_spec.rb:0.1
spec/rubocop/cop/style/multiline_block_chain_spec.rb:0.1
spec/rubocop/cop/style/multiline_if_modifier_spec.rb:0.1
spec/rubocop/cop/style/multiline_if_then_spec.rb:0.1
spec/rubocop/cop/style/multiline_in_pattern_then_spec.rb:0.1
spec/rubocop/cop/style/multiline_memoization_spec.rb:0.1
spec/rubocop/cop/style/multiline_method_signature_spec.rb:0.1
spec/rubocop/cop/style/multiline_ternary_operator_spec.rb:0.1
spec/rubocop/cop/style/multiline_when_then_spec.rb:0.1
spec/rubocop/cop/style/multiple_comparison_spec.rb:0.1
spec/rubocop/cop/style/negated_if_else_condition_spec.rb:0.1
spec/rubocop/cop/style/negated_if_spec.rb:0.1
spec/rubocop/cop/style/negated_unless_spec.rb:0.1
spec/rubocop/cop/style/negated_while_spec.rb:0.1
spec/rubocop/cop/style/nested_modifier_spec.rb:0.1
spec/rubocop/cop/style/nested_ternary_operator_spec.rb:0.1
spec/rubocop/cop/style/nil_lambda_spec.rb:0.1
spec/rubocop/cop/style/non_nil_check_spec.rb:0.1
spec/rubocop/cop/style/not_spec.rb:0.1
spec/rubocop/cop/style/numbered_parameters_limit_spec.rb:0.1
spec/rubocop/cop/style/numeric_literal_prefix_spec.rb:0.1
spec/rubocop/cop/style/numeric_literals_spec.rb:0.1
spec/rubocop/cop/style/numeric_predicate_spec.rb:0.1
spec/rubocop/cop/style/object_then_spec.rb:0.1
spec/rubocop/cop/style/one_line_conditional_spec.rb:0.1
spec/rubocop/cop/style/optional_arguments_spec.rb:0.1
spec/rubocop/cop/style/or_assignment_spec.rb:0.1
spec/rubocop/cop/style/parallel_assignment_spec.rb:0.1
spec/rubocop/cop/style/parentheses_around_condition_spec.rb:0.1
spec/rubocop/cop/style/percent_q_literals_spec.rb:0.1
spec/rubocop/cop/style/perl_backrefs_spec.rb:0.1
spec/rubocop/cop/style/preferred_hash_methods_spec.rb:0.1
spec/rubocop/cop/style/raise_args_spec.rb:0.1
spec/rubocop/cop/style/random_with_offset_spec.rb:0.1
spec/rubocop/cop/style/redundant_argument_spec.rb:0.1
spec/rubocop/cop/style/redundant_array_constructor_spec.rb:0.1
spec/rubocop/cop/style/redundant_assignment_spec.rb:0.1
spec/rubocop/cop/style/redundant_conditional_spec.rb:0.1
spec/rubocop/cop/style/redundant_constant_base_spec.rb:0.1
spec/rubocop/cop/style/redundant_current_directory_in_path_spec.rb:0.1
spec/rubocop/cop/style/redundant_double_splat_hash_braces_spec.rb:0.1
spec/rubocop/cop/style/redundant_each_spec.rb:0.1
spec/rubocop/cop/style/redundant_exception_spec.rb:0.1
spec/rubocop/cop/style/redundant_filter_chain_spec.rb:0.1
spec/rubocop/cop/style/redundant_heredoc_delimiter_quotes_spec.rb:0.1
spec/rubocop/cop/style/redundant_initialize_spec.rb:0.1
spec/rubocop/cop/style/redundant_interpolation_spec.rb:0.1
spec/rubocop/cop/style/redundant_interpolation_unfreeze_spec.rb:0.1
spec/rubocop/cop/style/redundant_percent_q_spec.rb:0.1
spec/rubocop/cop/style/redundant_regexp_constructor_spec.rb:0.1
spec/rubocop/cop/style/redundant_self_assignment_branch_spec.rb:0.1
spec/rubocop/cop/style/redundant_self_assignment_spec.rb:0.1
spec/rubocop/cop/style/redundant_sort_by_spec.rb:0.1
spec/rubocop/cop/style/regexp_literal_spec.rb:0.1
spec/rubocop/cop/style/require_order_spec.rb:0.1
spec/rubocop/cop/style/rescue_modifier_spec.rb:0.1
spec/rubocop/cop/style/rescue_standard_error_spec.rb:0.1
spec/rubocop/cop/style/return_nil_in_predicate_method_definition_spec.rb:0.1
spec/rubocop/cop/style/safe_navigation_chain_length_spec.rb:0.1
spec/rubocop/cop/style/semicolon_spec.rb:0.1
spec/rubocop/cop/style/send_spec.rb:0.1
spec/rubocop/cop/style/send_with_literal_method_name_spec.rb:0.1
spec/rubocop/cop/style/signal_exception_spec.rb:0.1
spec/rubocop/cop/style/single_argument_dig_spec.rb:0.1
spec/rubocop/cop/style/single_line_block_params_spec.rb:0.1
spec/rubocop/cop/style/single_line_do_end_block_spec.rb:0.1
spec/rubocop/cop/style/single_line_methods_spec.rb:0.1
spec/rubocop/cop/style/slicing_with_range_spec.rb:0.1
spec/rubocop/cop/style/special_global_vars_spec.rb:0.1
spec/rubocop/cop/style/static_class_spec.rb:0.1
spec/rubocop/cop/style/string_chars_spec.rb:0.1
spec/rubocop/cop/style/string_concatenation_spec.rb:0.1
spec/rubocop/cop/style/string_hash_keys_spec.rb:0.1
spec/rubocop/cop/style/string_literals_in_interpolation_spec.rb:0.1
spec/rubocop/cop/style/strip_spec.rb:0.1
spec/rubocop/cop/style/struct_inheritance_spec.rb:0.1
spec/rubocop/cop/style/swap_values_spec.rb:0.1
spec/rubocop/cop/style/symbol_array_spec.rb:0.1
spec/rubocop/cop/style/top_level_method_definition_spec.rb:0.1
spec/rubocop/cop/style/trailing_body_on_method_definition_spec.rb:0.1
spec/rubocop/cop/style/trailing_comma_in_arguments_spec.rb:0.1
spec/rubocop/cop/style/trailing_comma_in_array_literal_spec.rb:0.1
spec/rubocop/cop/style/trailing_comma_in_block_args_spec.rb:0.1
spec/rubocop/cop/style/trailing_comma_in_hash_literal_spec.rb:0.1
spec/rubocop/cop/style/trailing_method_end_statement_spec.rb:0.1
spec/rubocop/cop/style/trailing_underscore_variable_spec.rb:0.1
spec/rubocop/cop/style/trivial_accessors_spec.rb:0.1
spec/rubocop/cop/style/unless_else_spec.rb:0.1
spec/rubocop/cop/style/unless_logical_operators_spec.rb:0.1
spec/rubocop/cop/style/unpack_first_spec.rb:0.1
spec/rubocop/cop/style/variable_interpolation_spec.rb:0.1
spec/rubocop/cop/style/yaml_file_read_spec.rb:0.1
spec/rubocop/cop/style/yoda_expression_spec.rb:0.1
spec/rubocop/cop/visibility_help_spec.rb:0.1
spec/rubocop/directive_comment_spec.rb:0.1
spec/rubocop/ext/regexp_node_spec.rb:0.1
spec/rubocop/file_finder_spec.rb:0.1
spec/rubocop/formatter/clang_style_formatter_spec.rb:0.1
spec/rubocop/formatter/disabled_config_formatter_spec.rb:0.1
spec/rubocop/formatter/emacs_style_formatter_spec.rb:0.1
spec/rubocop/formatter/formatter_set_spec.rb:0.1
spec/rubocop/formatter/junit_formatter_spec.rb:0.1
spec/rubocop/formatter/offense_count_formatter_spec.rb:0.1
spec/rubocop/formatter/progress_formatter_spec.rb:0.1
spec/rubocop/formatter/simple_text_formatter_spec.rb:0.1
spec/rubocop/magic_comment_spec.rb:0.1
spec/rubocop/remote_config_spec.rb:0.1
spec/rubocop/rspec/expect_offense_spec.rb:0.1
spec/rubocop/config_store_spec.rb:0.01
spec/rubocop/cop/alignment_corrector_spec.rb:0.01
spec/rubocop/cop/badge_spec.rb:0.01
spec/rubocop/cop/force_spec.rb:0.01
spec/rubocop/cop/gemspec/ruby_version_globals_usage_spec.rb:0.01
spec/rubocop/cop/internal_affairs/inherit_deprecated_cop_class_spec.rb:0.01
spec/rubocop/cop/internal_affairs/lambda_or_proc_spec.rb:0.01
spec/rubocop/cop/internal_affairs/method_name_equal_spec.rb:0.01
spec/rubocop/cop/internal_affairs/node_destructuring_spec.rb:0.01
spec/rubocop/cop/internal_affairs/numblock_handler_spec.rb:0.01
spec/rubocop/cop/internal_affairs/offense_location_keyword_spec.rb:0.01
spec/rubocop/cop/internal_affairs/processed_source_buffer_name_spec.rb:0.01
spec/rubocop/cop/internal_affairs/redundant_context_config_parameter_spec.rb:0.01
spec/rubocop/cop/internal_affairs/redundant_location_argument_spec.rb:0.01
spec/rubocop/cop/layout/assignment_indentation_spec.rb:0.01
spec/rubocop/cop/layout/closing_heredoc_indentation_spec.rb:0.01
spec/rubocop/cop/layout/indentation_style_spec.rb:0.01
spec/rubocop/cop/layout/parameter_alignment_spec.rb:0.01
spec/rubocop/cop/layout/space_after_comma_spec.rb:0.01
spec/rubocop/cop/layout/space_after_semicolon_spec.rb:0.01
spec/rubocop/cop/layout/space_before_semicolon_spec.rb:0.01
spec/rubocop/cop/layout/space_inside_range_literal_spec.rb:0.01
spec/rubocop/cop/lint/big_decimal_new_spec.rb:0.01
spec/rubocop/cop/lint/constant_overwritten_in_rescue_spec.rb:0.01
spec/rubocop/cop/lint/duplicate_magic_comment_spec.rb:0.01
spec/rubocop/cop/lint/empty_ensure_spec.rb:0.01
spec/rubocop/cop/lint/empty_file_spec.rb:0.01
spec/rubocop/cop/lint/empty_interpolation_spec.rb:0.01
spec/rubocop/cop/lint/float_out_of_range_spec.rb:0.01
spec/rubocop/cop/lint/lambda_without_literal_block_spec.rb:0.01
spec/rubocop/cop/lint/loop_spec.rb:0.01
spec/rubocop/cop/lint/regexp_as_condition_spec.rb:0.01
spec/rubocop/cop/lint/safe_navigation_with_empty_spec.rb:0.01
spec/rubocop/cop/lint/to_json_spec.rb:0.01
spec/rubocop/cop/lint/trailing_comma_in_attribute_declaration_spec.rb:0.01
spec/rubocop/cop/message_annotator_spec.rb:0.01
spec/rubocop/cop/naming/ascii_identifiers_spec.rb:0.01
spec/rubocop/cop/naming/block_parameter_name_spec.rb:0.01
spec/rubocop/cop/naming/class_and_module_camel_case_spec.rb:0.01
spec/rubocop/cop/offense_spec.rb:0.01
spec/rubocop/cop/security/json_load_spec.rb:0.01
spec/rubocop/cop/security/marshal_load_spec.rb:0.01
spec/rubocop/cop/severity_spec.rb:0.01
spec/rubocop/cop/style/array_join_spec.rb:0.01
spec/rubocop/cop/style/ascii_comments_spec.rb:0.01
spec/rubocop/cop/style/begin_block_spec.rb:0.01
spec/rubocop/cop/style/block_comments_spec.rb:0.01
spec/rubocop/cop/style/character_literal_spec.rb:0.01
spec/rubocop/cop/style/class_check_spec.rb:0.01
spec/rubocop/cop/style/class_methods_spec.rb:0.01
spec/rubocop/cop/style/class_vars_spec.rb:0.01
spec/rubocop/cop/style/colon_method_definition_spec.rb:0.01
spec/rubocop/cop/style/dir_spec.rb:0.01
spec/rubocop/cop/style/double_cop_disable_directive_spec.rb:0.01
spec/rubocop/cop/style/empty_heredoc_spec.rb:0.01
spec/rubocop/cop/style/empty_lambda_parameter_spec.rb:0.01
spec/rubocop/cop/style/end_block_spec.rb:0.01
spec/rubocop/cop/style/env_home_spec.rb:0.01
spec/rubocop/cop/style/file_touch_spec.rb:0.01
spec/rubocop/cop/style/inline_comment_spec.rb:0.01
spec/rubocop/cop/style/keyword_arguments_merging_spec.rb:0.01
spec/rubocop/cop/style/missing_respond_to_missing_spec.rb:0.01
spec/rubocop/cop/style/nested_file_dirname_spec.rb:0.01
spec/rubocop/cop/style/nested_parenthesized_calls_spec.rb:0.01
spec/rubocop/cop/style/nil_comparison_spec.rb:0.01
spec/rubocop/cop/style/numbered_parameters_spec.rb:0.01
spec/rubocop/cop/style/open_struct_use_spec.rb:0.01
spec/rubocop/cop/style/option_hash_spec.rb:0.01
spec/rubocop/cop/style/optional_boolean_parameter_spec.rb:0.01
spec/rubocop/cop/style/proc_spec.rb:0.01
spec/rubocop/cop/style/redundant_capital_w_spec.rb:0.01
spec/rubocop/cop/style/redundant_fetch_block_spec.rb:0.01
spec/rubocop/cop/style/redundant_file_extension_in_require_spec.rb:0.01
spec/rubocop/cop/style/return_nil_spec.rb:0.01
spec/rubocop/cop/style/stabby_lambda_parentheses_spec.rb:0.01
spec/rubocop/cop/style/stderr_puts_spec.rb:0.01
spec/rubocop/cop/style/string_methods_spec.rb:0.01
spec/rubocop/cop/style/super_with_args_parentheses_spec.rb:0.01
spec/rubocop/cop/style/symbol_literal_spec.rb:0.01
spec/rubocop/cop/style/trailing_body_on_class_spec.rb:0.01
spec/rubocop/cop/style/trailing_body_on_module_spec.rb:0.01
spec/rubocop/cop/style/when_then_spec.rb:0.01
spec/rubocop/cop/style/while_until_do_spec.rb:0.01
spec/rubocop/cop/util_spec.rb:0.01
spec/rubocop/cop/utils/format_string_spec.rb:0.01
spec/rubocop/cop/variable_force/assignment_spec.rb:0.01
spec/rubocop/cop/variable_force/scope_spec.rb:0.01
spec/rubocop/cop/variable_force/variable_spec.rb:0.01
spec/rubocop/cop/variable_force/variable_table_spec.rb:0.01
spec/rubocop/cop/variable_force_spec.rb:0.01
spec/rubocop/feature_loader_spec.rb:0.01
spec/rubocop/formatter/auto_gen_config_formatter_spec.rb:0.01
spec/rubocop/formatter/colorizable_spec.rb:0.01
spec/rubocop/formatter/file_list_formatter_spec.rb:0.01
spec/rubocop/formatter/fuubar_style_formatter_spec.rb:0.01
spec/rubocop/formatter/github_actions_formatter_spec.rb:0.01
spec/rubocop/formatter/json_formatter_spec.rb:0.01
spec/rubocop/formatter/pacman_formatter_spec.rb:0.01
spec/rubocop/formatter/quiet_formatter_spec.rb:0.01
spec/rubocop/formatter/tap_formatter_spec.rb:0.01
spec/rubocop/formatter/worst_offenders_formatter_spec.rb:0.01
spec/rubocop/lsp/severity_spec.rb:0.01
spec/rubocop/server/client_command/exec_spec.rb:0.01
spec/rubocop/string_interpreter_spec.rb:0.01
spec/tasks/changelog_spec.rb:0.01
spec/rubocop/config_obsoletion/renamed_cop_spec.rb:0.001
spec/rubocop/cop/variable_force/reference_spec.rb:0.001
spec/rubocop/formatter/text_util_spec.rb:0.001
spec/rubocop/lsp_spec.rb:0.001
spec/rubocop/yaml_duplication_checker_spec.rb:0.001
